<?xml version="1.0" encoding="UTF-8"?>
<!-- Generated by org.testng.reporters.JUnitXMLReporter -->
<testsuite hostname="SupriyaPC" name="ChromeTest" tests="4" failures="0" timestamp="2 Apr 2015 10:59:10 GMT" time="157.515" errors="0">
  <testcase name="login" time="21.77" classname="com.SupriyaTests.ThoseBabyBasics.FunctionalTest"/>
  <testcase name="addBabyItem" time="32.444" classname="com.SupriyaTests.ThoseBabyBasics.FunctionalTest"/>
  <testcase name="addBabyItem" time="43.653" classname="com.SupriyaTests.ThoseBabyBasics.FunctionalTest"/>
  <testcase name="removeItemFromCart" time="27.208" classname="com.SupriyaTests.ThoseBabyBasics.FunctionalTest"/>
</testsuite> <!-- ChromeTest -->
