<?xml version="1.0" encoding="UTF-8"?>
<!-- Generated by org.testng.reporters.JUnitXMLReporter -->
<testsuite hostname="SupriyaPC" name="FirefoxTest" tests="3" failures="0" timestamp="2 Apr 2015 11:20:26 GMT" time="104.233" errors="0">
  <testcase name="login" time="19.296" classname="com.SupriyaTests.ThoseBabyBasics.FunctionalTest"/>
  <testcase name="addBabyItem" time="31.193" classname="com.SupriyaTests.ThoseBabyBasics.FunctionalTest"/>
  <testcase name="removeItemFromCart" time="13.21" classname="com.SupriyaTests.ThoseBabyBasics.FunctionalTest"/>
</testsuite> <!-- FirefoxTest -->
