<?xml version="1.0" encoding="UTF-8"?>
<testng-results skipped="0" failed="0" total="3" passed="3">
  <reporter-output>
  </reporter-output>
  <suite name="Suite" duration-ms="104233" started-at="2015-04-02T11:18:41Z" finished-at="2015-04-02T11:20:26Z">
    <groups>
    </groups>
    <test name="FirefoxTest" duration-ms="104233" started-at="2015-04-02T11:18:41Z" finished-at="2015-04-02T11:20:26Z">
      <class name="com.SupriyaTests.ThoseBabyBasics.FunctionalTest">
        <test-method status="PASS" signature="setUp(java.lang.String)[pri:0, instance:com.SupriyaTests.ThoseBabyBasics.FunctionalTest@3f3afe78]" name="setUp" is-config="true" duration-ms="31043" started-at="2015-04-02T13:18:41Z" finished-at="2015-04-02T13:19:12Z">
          <params>
            <param index="0">
              <value>
                <![CDATA[firefox]]>
              </value>
            </param>
          </params>
          <reporter-output>
          </reporter-output>
        </test-method> <!-- setUp -->
        <test-method status="PASS" signature="login()[pri:0, instance:com.SupriyaTests.ThoseBabyBasics.FunctionalTest@3f3afe78]" name="login" duration-ms="19296" started-at="2015-04-02T13:19:12Z" finished-at="2015-04-02T13:19:32Z">
          <reporter-output>
          </reporter-output>
        </test-method> <!-- login -->
        <test-method status="PASS" signature="addBabyItem(java.lang.String, java.lang.String, java.lang.String, java.lang.String, java.lang.String, java.lang.String)[pri:0, instance:com.SupriyaTests.ThoseBabyBasics.FunctionalTest@3f3afe78]" name="addBabyItem" duration-ms="31193" started-at="2015-04-02T13:19:32Z" data-provider="getItemtoAdd" depends-on-methods="com.SupriyaTests.ThoseBabyBasics.FunctionalTest.login" finished-at="2015-04-02T13:20:03Z">
          <params>
            <param index="0">
              <value>
                <![CDATA[0-2 Year   Boy]]>
              </value>
            </param>
            <param index="1">
              <value>
                <![CDATA[Socks]]>
              </value>
            </param>
            <param index="2">
              <value>
                <![CDATA[Socks Set]]>
              </value>
            </param>
            <param index="3">
              <value>
                <![CDATA[Navy]]>
              </value>
            </param>
            <param index="4">
              <value>
                <![CDATA[6-12 months]]>
              </value>
            </param>
            <param index="5">
              <value>
                <![CDATA[2]]>
              </value>
            </param>
          </params>
          <reporter-output>
          </reporter-output>
        </test-method> <!-- addBabyItem -->
        <test-method status="PASS" signature="removeItemFromCart(java.lang.String)[pri:0, instance:com.SupriyaTests.ThoseBabyBasics.FunctionalTest@3f3afe78]" name="removeItemFromCart" duration-ms="13210" started-at="2015-04-02T13:20:03Z" data-provider="getItemtoRemove" depends-on-methods="com.SupriyaTests.ThoseBabyBasics.FunctionalTest.addBabyItem" finished-at="2015-04-02T13:20:16Z">
          <params>
            <param index="0">
              <value>
                <![CDATA[Socks Set]]>
              </value>
            </param>
          </params>
          <reporter-output>
          </reporter-output>
        </test-method> <!-- removeItemFromCart -->
        <test-method status="PASS" signature="tearDown()[pri:0, instance:com.SupriyaTests.ThoseBabyBasics.FunctionalTest@3f3afe78]" name="tearDown" is-config="true" duration-ms="9435" started-at="2015-04-02T13:20:16Z" finished-at="2015-04-02T13:20:26Z">
          <reporter-output>
          </reporter-output>
        </test-method> <!-- tearDown -->
      </class> <!-- com.SupriyaTests.ThoseBabyBasics.FunctionalTest -->
    </test> <!-- FirefoxTest -->
  </suite> <!-- Suite -->
</testng-results>
